[debug] [2024-12-16T16:30:28.854Z] ----------------------------------------------------------------------
[debug] [2024-12-16T16:30:28.855Z] Command:       /usr/local/bin/node /Users/jelle/.npm-global/bin/firebase init
[debug] [2024-12-16T16:30:28.855Z] CLI Version:   13.29.1
[debug] [2024-12-16T16:30:28.855Z] Platform:      darwin
[debug] [2024-12-16T16:30:28.855Z] Node Version:  v22.11.0
[debug] [2024-12-16T16:30:28.855Z] Time:          Mon Dec 16 2024 17:30:28 GMT+0100 (Central European Standard Time)
[debug] [2024-12-16T16:30:28.855Z] ----------------------------------------------------------------------
[debug] 
[debug] [2024-12-16T16:30:28.858Z] > command requires scopes: ["email","openid","https://www.googleapis.com/auth/cloudplatformprojects.readonly","https://www.googleapis.com/auth/firebase","https://www.googleapis.com/auth/cloud-platform"]
[debug] [2024-12-16T16:30:28.858Z] > authorizing via signed-in user (jellemanders2001@gmail.com)
[info] 
     ######## #### ########  ######## ########     ###     ######  ########
     ##        ##  ##     ## ##       ##     ##  ##   ##  ##       ##
     ######    ##  ########  ######   ########  #########  ######  ######
     ##        ##  ##    ##  ##       ##     ## ##     ##       ## ##
     ##       #### ##     ## ######## ########  ##     ##  ######  ########

You're about to initialize a Firebase project in this directory:

  /Users/jelle/Github/React-app

[info] 
=== Project Setup
[info] 
[info] First, let's associate this project directory with a Firebase project.
[info] You can create multiple project aliases by running firebase use --add, 
[info] but for now we'll just set up a default project.
[info] 
